2019-08-04 12:05:13.118  INFO 99820 --- [restartedMain] com.iotoast.Application                  : Starting Application on Akiras-MBP with PID 99820 (/Users/akyakya/ioToast-service/target/classes started by akyakya in /Users/akyakya/ioToast-service)
2019-08-04 12:05:13.123  INFO 99820 --- [restartedMain] com.iotoast.Application                  : No active profile set, falling back to default profiles: default
2019-08-04 12:05:13.273  INFO 99820 --- [restartedMain] .e.DevToolsPropertyDefaultsPostProcessor : Devtools property defaults active! Set 'spring.devtools.add-properties' to 'false' to disable
2019-08-04 12:05:13.276  INFO 99820 --- [restartedMain] .e.DevToolsPropertyDefaultsPostProcessor : For additional web related logging consider setting the 'logging.level.web' property to 'DEBUG'
2019-08-04 12:05:16.894  INFO 99820 --- [restartedMain] trationDelegate$BeanPostProcessorChecker : Bean 'org.springframework.hateoas.config.HateoasConfiguration' of type [org.springframework.hateoas.config.HateoasConfiguration$$EnhancerBySpringCGLIB$$fb1ce538] is not eligible for getting processed by all BeanPostProcessors (for example: not eligible for auto-proxying)
2019-08-04 12:05:16.925  INFO 99820 --- [restartedMain] trationDelegate$BeanPostProcessorChecker : Bean 'org.springframework.transaction.annotation.ProxyTransactionManagementConfiguration' of type [org.springframework.transaction.annotation.ProxyTransactionManagementConfiguration$$EnhancerBySpringCGLIB$$7b9c9806] is not eligible for getting processed by all BeanPostProcessors (for example: not eligible for auto-proxying)
2019-08-04 12:05:18.042  INFO 99820 --- [restartedMain] o.s.b.w.embedded.tomcat.TomcatWebServer  : Tomcat initialized with port(s): 1990 (http)
2019-08-04 12:05:18.078  INFO 99820 --- [restartedMain] o.apache.catalina.core.StandardService   : Starting service [Tomcat]
2019-08-04 12:05:18.078  INFO 99820 --- [restartedMain] org.apache.catalina.core.StandardEngine  : Starting Servlet engine: [Apache Tomcat/9.0.21]
2019-08-04 12:05:18.327  INFO 99820 --- [restartedMain] o.a.c.c.C.[Tomcat].[localhost].[/api]    : Initializing Spring embedded WebApplicationContext
2019-08-04 12:05:18.327  INFO 99820 --- [restartedMain] o.s.web.context.ContextLoader            : Root WebApplicationContext: initialization completed in 5050 ms
2019-08-04 12:05:19.292  INFO 99820 --- [restartedMain] o.s.s.concurrent.ThreadPoolTaskExecutor  : Initializing ExecutorService 'applicationTaskExecutor'
2019-08-04 12:05:20.517  INFO 99820 --- [restartedMain] o.s.b.d.a.OptionalLiveReloadServer       : LiveReload server is running on port 35729
2019-08-04 12:05:20.631  INFO 99820 --- [restartedMain] o.s.b.w.embedded.tomcat.TomcatWebServer  : Tomcat started on port(s): 1990 (http) with context path '/api'
2019-08-04 12:05:20.637  INFO 99820 --- [restartedMain] com.iotoast.Application                  : Started Application in 8.566 seconds (JVM running for 10.749)
2019-08-04 12:06:23.864  INFO 99820 --- [Thread-25] o.s.s.concurrent.ThreadPoolTaskExecutor  : Shutting down ExecutorService 'applicationTaskExecutor'
2019-08-04 12:06:28.509  INFO 99926 --- [restartedMain] com.iotoast.Application                  : Starting Application on Akiras-MBP with PID 99926 (/Users/akyakya/ioToast-service/target/classes started by akyakya in /Users/akyakya/ioToast-service)
2019-08-04 12:06:28.513  INFO 99926 --- [restartedMain] com.iotoast.Application                  : No active profile set, falling back to default profiles: default
2019-08-04 12:06:28.577  INFO 99926 --- [restartedMain] .e.DevToolsPropertyDefaultsPostProcessor : Devtools property defaults active! Set 'spring.devtools.add-properties' to 'false' to disable
2019-08-04 12:06:28.578  INFO 99926 --- [restartedMain] .e.DevToolsPropertyDefaultsPostProcessor : For additional web related logging consider setting the 'logging.level.web' property to 'DEBUG'
2019-08-04 12:06:30.491  INFO 99926 --- [restartedMain] trationDelegate$BeanPostProcessorChecker : Bean 'org.springframework.hateoas.config.HateoasConfiguration' of type [org.springframework.hateoas.config.HateoasConfiguration$$EnhancerBySpringCGLIB$$2c37a91a] is not eligible for getting processed by all BeanPostProcessors (for example: not eligible for auto-proxying)
2019-08-04 12:06:30.510  INFO 99926 --- [restartedMain] trationDelegate$BeanPostProcessorChecker : Bean 'org.springframework.transaction.annotation.ProxyTransactionManagementConfiguration' of type [org.springframework.transaction.annotation.ProxyTransactionManagementConfiguration$$EnhancerBySpringCGLIB$$acb75be8] is not eligible for getting processed by all BeanPostProcessors (for example: not eligible for auto-proxying)
2019-08-04 12:06:31.020  INFO 99926 --- [restartedMain] o.s.b.w.embedded.tomcat.TomcatWebServer  : Tomcat initialized with port(s): 1990 (http)
2019-08-04 12:06:31.041  INFO 99926 --- [restartedMain] o.apache.catalina.core.StandardService   : Starting service [Tomcat]
2019-08-04 12:06:31.041  INFO 99926 --- [restartedMain] org.apache.catalina.core.StandardEngine  : Starting Servlet engine: [Apache Tomcat/9.0.21]
2019-08-04 12:06:31.117  INFO 99926 --- [restartedMain] o.a.c.c.C.[Tomcat].[localhost].[/api]    : Initializing Spring embedded WebApplicationContext
2019-08-04 12:06:31.118  INFO 99926 --- [restartedMain] o.s.web.context.ContextLoader            : Root WebApplicationContext: initialization completed in 2537 ms
2019-08-04 12:06:31.902  INFO 99926 --- [restartedMain] o.s.s.concurrent.ThreadPoolTaskExecutor  : Initializing ExecutorService 'applicationTaskExecutor'
2019-08-04 12:06:32.748  INFO 99926 --- [restartedMain] o.s.b.d.a.OptionalLiveReloadServer       : LiveReload server is running on port 35729
2019-08-04 12:06:32.833  INFO 99926 --- [restartedMain] o.s.b.w.embedded.tomcat.TomcatWebServer  : Tomcat started on port(s): 1990 (http) with context path '/api'
2019-08-04 12:06:32.838  INFO 99926 --- [restartedMain] com.iotoast.Application                  : Started Application in 4.825 seconds (JVM running for 6.219)
2019-08-04 12:08:20.951  INFO 99926 --- [http-nio-1990-exec-1] o.a.c.c.C.[Tomcat].[localhost].[/api]    : Initializing Spring DispatcherServlet 'dispatcherServlet'
2019-08-04 12:08:20.951  INFO 99926 --- [http-nio-1990-exec-1] o.s.web.servlet.DispatcherServlet        : Initializing Servlet 'dispatcherServlet'
2019-08-04 12:08:20.971  INFO 99926 --- [http-nio-1990-exec-1] o.s.web.servlet.DispatcherServlet        : Completed initialization in 19 ms
2019-08-04 12:10:21.371  INFO 99926 --- [Thread-19] o.s.s.concurrent.ThreadPoolTaskExecutor  : Shutting down ExecutorService 'applicationTaskExecutor'
2019-08-04 12:12:17.093  INFO 430 --- [restartedMain] com.iotoast.Application                  : Starting Application on Akiras-MBP with PID 430 (/Users/akyakya/ioToast-service/target/classes started by akyakya in /Users/akyakya/ioToast-service)
2019-08-04 12:12:17.098  INFO 430 --- [restartedMain] com.iotoast.Application                  : No active profile set, falling back to default profiles: default
2019-08-04 12:12:17.180  INFO 430 --- [restartedMain] .e.DevToolsPropertyDefaultsPostProcessor : Devtools property defaults active! Set 'spring.devtools.add-properties' to 'false' to disable
2019-08-04 12:12:17.180  INFO 430 --- [restartedMain] .e.DevToolsPropertyDefaultsPostProcessor : For additional web related logging consider setting the 'logging.level.web' property to 'DEBUG'
2019-08-04 12:12:18.767  INFO 430 --- [restartedMain] trationDelegate$BeanPostProcessorChecker : Bean 'org.springframework.hateoas.config.HateoasConfiguration' of type [org.springframework.hateoas.config.HateoasConfiguration$$EnhancerBySpringCGLIB$$c8a6f57b] is not eligible for getting processed by all BeanPostProcessors (for example: not eligible for auto-proxying)
2019-08-04 12:12:18.778  INFO 430 --- [restartedMain] trationDelegate$BeanPostProcessorChecker : Bean 'org.springframework.transaction.annotation.ProxyTransactionManagementConfiguration' of type [org.springframework.transaction.annotation.ProxyTransactionManagementConfiguration$$EnhancerBySpringCGLIB$$4926a849] is not eligible for getting processed by all BeanPostProcessors (for example: not eligible for auto-proxying)
2019-08-04 12:12:19.297  INFO 430 --- [restartedMain] o.s.b.w.embedded.tomcat.TomcatWebServer  : Tomcat initialized with port(s): 1990 (http)
2019-08-04 12:12:19.337  INFO 430 --- [restartedMain] o.apache.catalina.core.StandardService   : Starting service [Tomcat]
2019-08-04 12:12:19.350  INFO 430 --- [restartedMain] org.apache.catalina.core.StandardEngine  : Starting Servlet engine: [Apache Tomcat/9.0.21]
2019-08-04 12:12:19.441  INFO 430 --- [restartedMain] o.a.c.c.C.[Tomcat].[localhost].[/api]    : Initializing Spring embedded WebApplicationContext
2019-08-04 12:12:19.441  INFO 430 --- [restartedMain] o.s.web.context.ContextLoader            : Root WebApplicationContext: initialization completed in 2260 ms
2019-08-04 12:12:20.572  INFO 430 --- [restartedMain] o.s.s.concurrent.ThreadPoolTaskExecutor  : Initializing ExecutorService 'applicationTaskExecutor'
2019-08-04 12:12:22.044  INFO 430 --- [restartedMain] o.s.b.d.a.OptionalLiveReloadServer       : LiveReload server is running on port 35729
2019-08-04 12:12:22.168  INFO 430 --- [restartedMain] o.s.b.w.embedded.tomcat.TomcatWebServer  : Tomcat started on port(s): 1990 (http) with context path '/api'
2019-08-04 12:12:22.175  INFO 430 --- [restartedMain] com.iotoast.Application                  : Started Application in 6.388 seconds (JVM running for 10.006)
2019-08-04 12:12:24.693  INFO 430 --- [http-nio-1990-exec-1] o.a.c.c.C.[Tomcat].[localhost].[/api]    : Initializing Spring DispatcherServlet 'dispatcherServlet'
2019-08-04 12:12:24.693  INFO 430 --- [http-nio-1990-exec-1] o.s.web.servlet.DispatcherServlet        : Initializing Servlet 'dispatcherServlet'
2019-08-04 12:12:24.717  INFO 430 --- [http-nio-1990-exec-1] o.s.web.servlet.DispatcherServlet        : Completed initialization in 23 ms
2019-08-04 12:14:28.779  INFO 430 --- [Thread-24] o.s.s.concurrent.ThreadPoolTaskExecutor  : Shutting down ExecutorService 'applicationTaskExecutor'
2019-08-04 12:14:37.453  INFO 555 --- [restartedMain] com.iotoast.Application                  : Starting Application on Akiras-MBP with PID 555 (/Users/akyakya/ioToast-service/target/classes started by akyakya in /Users/akyakya/ioToast-service)
2019-08-04 12:14:37.459  INFO 555 --- [restartedMain] com.iotoast.Application                  : No active profile set, falling back to default profiles: default
2019-08-04 12:14:37.661  INFO 555 --- [restartedMain] .e.DevToolsPropertyDefaultsPostProcessor : Devtools property defaults active! Set 'spring.devtools.add-properties' to 'false' to disable
2019-08-04 12:14:37.665  INFO 555 --- [restartedMain] .e.DevToolsPropertyDefaultsPostProcessor : For additional web related logging consider setting the 'logging.level.web' property to 'DEBUG'
2019-08-04 12:14:40.313  INFO 555 --- [restartedMain] trationDelegate$BeanPostProcessorChecker : Bean 'org.springframework.hateoas.config.HateoasConfiguration' of type [org.springframework.hateoas.config.HateoasConfiguration$$EnhancerBySpringCGLIB$$47cb801a] is not eligible for getting processed by all BeanPostProcessors (for example: not eligible for auto-proxying)
2019-08-04 12:14:40.330  INFO 555 --- [restartedMain] trationDelegate$BeanPostProcessorChecker : Bean 'org.springframework.transaction.annotation.ProxyTransactionManagementConfiguration' of type [org.springframework.transaction.annotation.ProxyTransactionManagementConfiguration$$EnhancerBySpringCGLIB$$c84b32e8] is not eligible for getting processed by all BeanPostProcessors (for example: not eligible for auto-proxying)
2019-08-04 12:14:40.954  INFO 555 --- [restartedMain] o.s.b.w.embedded.tomcat.TomcatWebServer  : Tomcat initialized with port(s): 1990 (http)
2019-08-04 12:14:41.053  INFO 555 --- [restartedMain] o.apache.catalina.core.StandardService   : Starting service [Tomcat]
2019-08-04 12:14:41.053  INFO 555 --- [restartedMain] org.apache.catalina.core.StandardEngine  : Starting Servlet engine: [Apache Tomcat/9.0.21]
2019-08-04 12:14:41.237  INFO 555 --- [restartedMain] o.a.c.c.C.[Tomcat].[localhost].[/api]    : Initializing Spring embedded WebApplicationContext
2019-08-04 12:14:41.237  INFO 555 --- [restartedMain] o.s.web.context.ContextLoader            : Root WebApplicationContext: initialization completed in 3571 ms
2019-08-04 12:14:42.689  INFO 555 --- [restartedMain] o.s.s.concurrent.ThreadPoolTaskExecutor  : Initializing ExecutorService 'applicationTaskExecutor'
2019-08-04 12:14:44.172  INFO 555 --- [restartedMain] o.s.b.d.a.OptionalLiveReloadServer       : LiveReload server is running on port 35729
2019-08-04 12:14:44.358  INFO 555 --- [restartedMain] o.s.b.w.embedded.tomcat.TomcatWebServer  : Tomcat started on port(s): 1990 (http) with context path '/api'
2019-08-04 12:14:44.364  INFO 555 --- [restartedMain] com.iotoast.Application                  : Started Application in 7.695 seconds (JVM running for 10.142)
2019-08-04 12:15:21.982  INFO 555 --- [Thread-22] o.s.s.concurrent.ThreadPoolTaskExecutor  : Shutting down ExecutorService 'applicationTaskExecutor'
2019-08-04 12:15:22.383  INFO 555 --- [restartedMain] com.iotoast.Application                  : Starting Application on Akiras-MBP with PID 555 (/Users/akyakya/ioToast-service/target/classes started by akyakya in /Users/akyakya/ioToast-service)
2019-08-04 12:15:22.383  INFO 555 --- [restartedMain] com.iotoast.Application                  : No active profile set, falling back to default profiles: default
2019-08-04 12:15:23.535  INFO 555 --- [restartedMain] trationDelegate$BeanPostProcessorChecker : Bean 'org.springframework.hateoas.config.HateoasConfiguration' of type [org.springframework.hateoas.config.HateoasConfiguration$$EnhancerBySpringCGLIB$$47cb801a] is not eligible for getting processed by all BeanPostProcessors (for example: not eligible for auto-proxying)
2019-08-04 12:15:23.540  INFO 555 --- [restartedMain] trationDelegate$BeanPostProcessorChecker : Bean 'org.springframework.transaction.annotation.ProxyTransactionManagementConfiguration' of type [org.springframework.transaction.annotation.ProxyTransactionManagementConfiguration$$EnhancerBySpringCGLIB$$c84b32e8] is not eligible for getting processed by all BeanPostProcessors (for example: not eligible for auto-proxying)
2019-08-04 12:15:23.645  INFO 555 --- [restartedMain] o.s.b.w.embedded.tomcat.TomcatWebServer  : Tomcat initialized with port(s): 1990 (http)
2019-08-04 12:15:23.647  INFO 555 --- [restartedMain] o.apache.catalina.core.StandardService   : Starting service [Tomcat]
2019-08-04 12:15:23.647  INFO 555 --- [restartedMain] org.apache.catalina.core.StandardEngine  : Starting Servlet engine: [Apache Tomcat/9.0.21]
2019-08-04 12:15:23.655  INFO 555 --- [restartedMain] o.a.c.c.C.[Tomcat].[localhost].[/api]    : Initializing Spring embedded WebApplicationContext
2019-08-04 12:15:23.655  INFO 555 --- [restartedMain] o.s.web.context.ContextLoader            : Root WebApplicationContext: initialization completed in 1267 ms
2019-08-04 12:15:24.263  INFO 555 --- [restartedMain] o.s.s.concurrent.ThreadPoolTaskExecutor  : Initializing ExecutorService 'applicationTaskExecutor'
2019-08-04 12:15:24.534  INFO 555 --- [restartedMain] o.s.b.d.a.OptionalLiveReloadServer       : LiveReload server is running on port 35729
2019-08-04 12:15:24.567  INFO 555 --- [restartedMain] o.s.b.w.embedded.tomcat.TomcatWebServer  : Tomcat started on port(s): 1990 (http) with context path '/api'
2019-08-04 12:15:24.569  INFO 555 --- [restartedMain] com.iotoast.Application                  : Started Application in 2.245 seconds (JVM running for 50.345)
2019-08-04 12:15:24.573  INFO 555 --- [restartedMain] .ConditionEvaluationDeltaLoggingListener : Condition evaluation unchanged
2019-08-04 12:15:30.537  INFO 555 --- [http-nio-1990-exec-1] o.a.c.c.C.[Tomcat].[localhost].[/api]    : Initializing Spring DispatcherServlet 'dispatcherServlet'
2019-08-04 12:15:30.538  INFO 555 --- [http-nio-1990-exec-1] o.s.web.servlet.DispatcherServlet        : Initializing Servlet 'dispatcherServlet'
2019-08-04 12:15:30.560  INFO 555 --- [http-nio-1990-exec-1] o.s.web.servlet.DispatcherServlet        : Completed initialization in 22 ms
2019-08-04 12:15:53.131  INFO 555 --- [Thread-35] o.s.s.concurrent.ThreadPoolTaskExecutor  : Shutting down ExecutorService 'applicationTaskExecutor'
2019-08-04 12:16:01.577  INFO 626 --- [restartedMain] com.iotoast.Application                  : Starting Application on Akiras-MBP with PID 626 (/Users/akyakya/ioToast-service/target/classes started by akyakya in /Users/akyakya/ioToast-service)
2019-08-04 12:16:01.583  INFO 626 --- [restartedMain] com.iotoast.Application                  : No active profile set, falling back to default profiles: default
2019-08-04 12:16:01.645  INFO 626 --- [restartedMain] .e.DevToolsPropertyDefaultsPostProcessor : Devtools property defaults active! Set 'spring.devtools.add-properties' to 'false' to disable
2019-08-04 12:16:01.646  INFO 626 --- [restartedMain] .e.DevToolsPropertyDefaultsPostProcessor : For additional web related logging consider setting the 'logging.level.web' property to 'DEBUG'
2019-08-04 12:16:03.318  INFO 626 --- [restartedMain] trationDelegate$BeanPostProcessorChecker : Bean 'org.springframework.hateoas.config.HateoasConfiguration' of type [org.springframework.hateoas.config.HateoasConfiguration$$EnhancerBySpringCGLIB$$7f53d20f] is not eligible for getting processed by all BeanPostProcessors (for example: not eligible for auto-proxying)
2019-08-04 12:16:03.328  INFO 626 --- [restartedMain] trationDelegate$BeanPostProcessorChecker : Bean 'org.springframework.transaction.annotation.ProxyTransactionManagementConfiguration' of type [org.springframework.transaction.annotation.ProxyTransactionManagementConfiguration$$EnhancerBySpringCGLIB$$ffd384dd] is not eligible for getting processed by all BeanPostProcessors (for example: not eligible for auto-proxying)
2019-08-04 12:16:03.995  INFO 626 --- [restartedMain] o.s.b.w.embedded.tomcat.TomcatWebServer  : Tomcat initialized with port(s): 1990 (http)
2019-08-04 12:16:04.020  INFO 626 --- [restartedMain] o.apache.catalina.core.StandardService   : Starting service [Tomcat]
2019-08-04 12:16:04.021  INFO 626 --- [restartedMain] org.apache.catalina.core.StandardEngine  : Starting Servlet engine: [Apache Tomcat/9.0.21]
2019-08-04 12:16:04.122  INFO 626 --- [restartedMain] o.a.c.c.C.[Tomcat].[localhost].[/api]    : Initializing Spring embedded WebApplicationContext
2019-08-04 12:16:04.122  INFO 626 --- [restartedMain] o.s.web.context.ContextLoader            : Root WebApplicationContext: initialization completed in 2476 ms
2019-08-04 12:16:05.037  INFO 626 --- [restartedMain] o.s.s.concurrent.ThreadPoolTaskExecutor  : Initializing ExecutorService 'applicationTaskExecutor'
2019-08-04 12:16:06.432  INFO 626 --- [restartedMain] o.s.b.d.a.OptionalLiveReloadServer       : LiveReload server is running on port 35729
2019-08-04 12:16:06.556  INFO 626 --- [restartedMain] o.s.b.w.embedded.tomcat.TomcatWebServer  : Tomcat started on port(s): 1990 (http) with context path '/api'
2019-08-04 12:16:06.563  INFO 626 --- [restartedMain] com.iotoast.Application                  : Started Application in 5.548 seconds (JVM running for 7.34)
2019-08-04 12:16:25.531  INFO 626 --- [http-nio-1990-exec-1] o.a.c.c.C.[Tomcat].[localhost].[/api]    : Initializing Spring DispatcherServlet 'dispatcherServlet'
2019-08-04 12:16:25.532  INFO 626 --- [http-nio-1990-exec-1] o.s.web.servlet.DispatcherServlet        : Initializing Servlet 'dispatcherServlet'
2019-08-04 12:16:25.550  INFO 626 --- [http-nio-1990-exec-1] o.s.web.servlet.DispatcherServlet        : Completed initialization in 17 ms
2019-08-04 12:27:20.231  INFO 626 --- [Thread-21] o.s.s.concurrent.ThreadPoolTaskExecutor  : Shutting down ExecutorService 'applicationTaskExecutor'
